<?xml version="1.0" encoding="UTF-8"?>
<!-- Generated by org.testng.reporters.JUnitXMLReporter -->
<testsuite ignored="0" hostname="DESKTOP-8GT2UO7" failures="3" tests="25" name="TestNg Features" time="148.508" errors="0" timestamp="2021-04-07T16:28:57 IST">
  <testcase classname="BasicNg.DemoTestng" name="GoogleLogoTest" time="0.008"/>
  <testcase classname="BasicNg.DemoTestng" name="SearchTest" time="0.001"/>
  <testcase classname="BasicNg.DemoTestng" name="googleTitleTest" time="0.002"/>
  <testcase classname="BasicNg.ExceptionTimeoutTest" name="Test1" time="0.001"/>
  <testcase classname="BasicNg.GoogleTest" name="MailLink" time="0.523"/>
  <testcase classname="BasicNg.GoogleTest" name="Test1" time="0.001"/>
  <testcase classname="BasicNg.GoogleTest" name="Test2" time="0.002"/>
  <testcase classname="BasicNg.GoogleTest" name="Test3" time="0.001"/>
  <testcase classname="BasicNg.GoogleTest" name="googleLogoTest" time="30.331">
    <failure type="org.openqa.selenium.NoSuchElementException" message="no such element: Unable to locate element: {&amp;quot;method&amp;quot;:&amp;quot;xpath&amp;quot;,&amp;quot;selector&amp;quot;:&amp;quot;//*[@id=&amp;apos;hplogo&amp;apos;]&amp;quot;}
  (Session info: chrome=89.0.4389.114)
For documentation on this error, please visit: https://www.seleniumhq.org/exceptions/no_such_element.html
Build info: version: &amp;apos;3.141.59&amp;apos;, revision: &amp;apos;e82be7d358&amp;apos;, time: &amp;apos;2018-11-14T08:25:48&amp;apos;
System info: host: &amp;apos;DESKTOP-8GT2UO7&amp;apos;, ip: &amp;apos;192.168.43.34&amp;apos;, os.name: &amp;apos;Windows 10&amp;apos;, os.arch: &amp;apos;amd64&amp;apos;, os.version: &amp;apos;10.0&amp;apos;, java.version: &amp;apos;14.0.2&amp;apos;
Driver info: org.openqa.selenium.chrome.ChromeDriver
Capabilities {acceptInsecureCerts: false, browserName: chrome, browserVersion: 89.0.4389.114, chrome: {chromedriverVersion: 89.0.4389.23 (61b08ee2c5002..., userDataDir: C:\Users\admin\AppData\Loca...}, goog:chromeOptions: {debuggerAddress: localhost:62073}, javascriptEnabled: true, networkConnectionEnabled: false, pageLoadStrategy: normal, platform: WINDOWS, platformName: WINDOWS, proxy: Proxy(), setWindowRect: true, strictFileInteractability: false, timeouts: {implicit: 0, pageLoad: 300000, script: 30000}, unhandledPromptBehavior: dismiss and notify, webauthn:extension:largeBlob: true, webauthn:virtualAuthenticators: true}
Session ID: c14c8337849b6fdf47a8e965966b0b03
*** Element info: {Using=xpath, value=//*[@id=&amp;apos;hplogo&amp;apos;]}">
      <![CDATA[org.openqa.selenium.NoSuchElementException: no such element: Unable to locate element: {"method":"xpath","selector":"//*[@id='hplogo']"}
  (Session info: chrome=89.0.4389.114)
For documentation on this error, please visit: https://www.seleniumhq.org/exceptions/no_such_element.html
Build info: version: '3.141.59', revision: 'e82be7d358', time: '2018-11-14T08:25:48'
System info: host: 'DESKTOP-8GT2UO7', ip: '192.168.43.34', os.name: 'Windows 10', os.arch: 'amd64', os.version: '10.0', java.version: '14.0.2'
Driver info: org.openqa.selenium.chrome.ChromeDriver
Capabilities {acceptInsecureCerts: false, browserName: chrome, browserVersion: 89.0.4389.114, chrome: {chromedriverVersion: 89.0.4389.23 (61b08ee2c5002..., userDataDir: C:\Users\admin\AppData\Loca...}, goog:chromeOptions: {debuggerAddress: localhost:62073}, javascriptEnabled: true, networkConnectionEnabled: false, pageLoadStrategy: normal, platform: WINDOWS, platformName: WINDOWS, proxy: Proxy(), setWindowRect: true, strictFileInteractability: false, timeouts: {implicit: 0, pageLoad: 300000, script: 30000}, unhandledPromptBehavior: dismiss and notify, webauthn:extension:largeBlob: true, webauthn:virtualAuthenticators: true}
Session ID: c14c8337849b6fdf47a8e965966b0b03
*** Element info: {Using=xpath, value=//*[@id='hplogo']}
at org.openqa.selenium.remote.http.W3CHttpResponseCodec.createException(W3CHttpResponseCodec.java:187)
at org.openqa.selenium.remote.http.W3CHttpResponseCodec.decode(W3CHttpResponseCodec.java:122)
at org.openqa.selenium.remote.http.W3CHttpResponseCodec.decode(W3CHttpResponseCodec.java:49)
at org.openqa.selenium.remote.HttpCommandExecutor.execute(HttpCommandExecutor.java:158)
at org.openqa.selenium.remote.service.DriverCommandExecutor.execute(DriverCommandExecutor.java:83)
at org.openqa.selenium.remote.RemoteWebDriver.execute(RemoteWebDriver.java:552)
at org.openqa.selenium.remote.RemoteWebDriver.findElement(RemoteWebDriver.java:323)
at org.openqa.selenium.remote.RemoteWebDriver.findElementByXPath(RemoteWebDriver.java:428)
at org.openqa.selenium.By$ByXPath.findElement(By.java:353)
at org.openqa.selenium.remote.RemoteWebDriver.findElement(RemoteWebDriver.java:315)
at BasicNg.GoogleTest.googleLogoTest(GoogleTest.java:35)
at java.base/java.util.ArrayList.forEach(ArrayList.java:1511)
... Removed 32 stack frames]]>
    </failure>
  </testcase> <!-- googleLogoTest -->
  <testcase classname="BasicNg.GoogleTest" name="googleTitleTest" time="0.01"/>
  <testcase classname="BasicNg.GoogleTitleTest" name="googleTitleTest" time="0.029">
    <failure type="java.lang.AssertionError" message="Title is not Match expected [Googl] but found [Google]">
      <![CDATA[java.lang.AssertionError: Title is not Match expected [Googl] but found [Google]
at BasicNg.GoogleTitleTest.googleTitleTest(GoogleTitleTest.java:31)
at java.base/java.util.ArrayList.forEach(ArrayList.java:1511)
... Removed 32 stack frames]]>
    </failure>
  </testcase> <!-- googleTitleTest -->
  <testcase classname="BasicNg.InvocationCount" name="Sum" time="0.002"/>
  <testcase classname="BasicNg.InvocationCount" name="Sum" time="0.002"/>
  <testcase classname="BasicNg.InvocationCount" name="Sum" time="0.002"/>
  <testcase classname="BasicNg.InvocationCount" name="Sum" time="0.004"/>
  <testcase classname="BasicNg.InvocationCount" name="Sum" time="0.002"/>
  <testcase classname="BasicNg.InvocationCount" name="Sum" time="0.002"/>
  <testcase classname="BasicNg.InvocationCount" name="Sum" time="0.001"/>
  <testcase classname="BasicNg.InvocationCount" name="Sum" time="0.002"/>
  <testcase classname="BasicNg.InvocationCount" name="Sum" time="0.002"/>
  <testcase classname="BasicNg.InvocationCount" name="Sum" time="0.001"/>
  <testcase classname="BasicNg.TestNgFeatures" name="LoginTest" time="0.001">
    <failure type="java.lang.ArithmeticException" message="/ by zero">
      <![CDATA[java.lang.ArithmeticException: / by zero
at BasicNg.TestNgFeatures.LoginTest(TestNgFeatures.java:10)
at java.base/java.util.ArrayList.forEach(ArrayList.java:1511)
... Removed 27 stack frames]]>
    </failure>
  </testcase> <!-- LoginTest -->
  <testcase classname="BasicNg.TestNgFeatures" name="AboutusTest" time="0.0">
    <skipped/>
  </testcase> <!-- AboutusTest -->
  <testcase classname="BasicNg.TestNgFeatures" name="HomePageTest" time="0.0">
    <skipped/>
  </testcase> <!-- HomePageTest -->
  <testcase classname="BasicNg.TestNgFeatures" name="ProfileTest" time="0.0">
    <skipped/>
  </testcase> <!-- ProfileTest -->
</testsuite> <!-- TestNg Features -->
